<?xml version="1.0" encoding="UTF-8"?>
<!-- Generated by org.testng.reporters.JUnitReportReporter -->
<testsuite hostname="aznevmper-3845" failures="0" tests="2" name="RunnerPackage.TestRunner" time="1.164" errors="0" timestamp="2023-12-30T07:44:00 GMT" skipped="0">
  <testcase classname="RunnerPackage.TestRunner" name="LaunchDriver" time="0.881"/>
  <system-out/>
  <testcase classname="RunnerPackage.TestRunner" name="Test2" time="0.283"/>
  <system-out/>
</testsuite> <!-- RunnerPackage.TestRunner -->
