<?xml version="1.0" encoding="UTF-8"?>
<!-- Generated by org.testng.reporters.JUnitReportReporter -->
<testsuite hostname="aznevmper-3845" failures="0" tests="2" name="RunnerPackage.Paralleltest" time="30.798" errors="0" timestamp="2024-01-04T02:52:53 GMT" skipped="0">
  <testcase classname="RunnerPackage.Paralleltest" name="openIE" time="19.207"/>
  <system-out/>
  <testcase classname="RunnerPackage.Paralleltest" name="opengoogle" time="11.591"/>
  <system-out/>
</testsuite> <!-- RunnerPackage.Paralleltest -->
